<?xml version="1.0" encoding="UTF-8"?>
<testng-results ignored="0" total="1" passed="0" failed="1" skipped="0">
  <reporter-output>
  </reporter-output>
  <suite started-at="2020-08-02T17:48:49Z" name="Default suite" finished-at="2020-08-02T17:48:50Z" duration-ms="1000">
    <groups>
    </groups>
    <test started-at="2020-08-02T17:48:49Z" name="Default test" finished-at="2020-08-02T17:48:50Z" duration-ms="1000">
      <class name="com.qa.test.PostApiTest">
        <test-method is-config="true" signature="setup()[pri:0, instance:com.qa.test.PostApiTest@16aa0a0a]" started-at="2020-08-02T17:48:49Z" name="setup" finished-at="2020-08-02T17:48:49Z" duration-ms="5" status="PASS">
          <reporter-output>
          </reporter-output>
        </test-method> <!-- setup -->
        <test-method signature="postApiTest()[pri:0, instance:com.qa.test.PostApiTest@16aa0a0a]" started-at="2020-08-02T17:48:49Z" name="postApiTest" finished-at="2020-08-02T17:48:50Z" duration-ms="974" status="FAIL">
          <exception class="com.fasterxml.jackson.databind.exc.UnrecognizedPropertyException">
            <message>
              <![CDATA[Unrecognized field "createdAt" (class com.qa.data.Users), not marked as ignorable (4 known properties: "name", "job", "createAt", "id"])
 at [Source: (String)"{"id":"379","createdAt":"2020-08-02T17:48:50.751Z"}"; line: 1, column: 26] (through reference chain: com.qa.data.Users["createdAt"])]]>
            </message>
            <full-stacktrace>
              <![CDATA[com.fasterxml.jackson.databind.exc.UnrecognizedPropertyException: Unrecognized field "createdAt" (class com.qa.data.Users), not marked as ignorable (4 known properties: "name", "job", "createAt", "id"])
 at [Source: (String)"{"id":"379","createdAt":"2020-08-02T17:48:50.751Z"}"; line: 1, column: 26] (through reference chain: com.qa.data.Users["createdAt"])
at com.fasterxml.jackson.databind.exc.UnrecognizedPropertyException.from(UnrecognizedPropertyException.java:61)
at com.fasterxml.jackson.databind.DeserializationContext.handleUnknownProperty(DeserializationContext.java:840)
at com.fasterxml.jackson.databind.deser.std.StdDeserializer.handleUnknownProperty(StdDeserializer.java:1192)
at com.fasterxml.jackson.databind.deser.BeanDeserializerBase.handleUnknownProperty(BeanDeserializerBase.java:1592)
at com.fasterxml.jackson.databind.deser.BeanDeserializerBase.handleUnknownVanilla(BeanDeserializerBase.java:1570)
at com.fasterxml.jackson.databind.deser.BeanDeserializer.vanillaDeserialize(BeanDeserializer.java:294)
at com.fasterxml.jackson.databind.deser.BeanDeserializer.deserialize(BeanDeserializer.java:151)
at com.fasterxml.jackson.databind.ObjectMapper._readMapAndClose(ObjectMapper.java:4202)
at com.fasterxml.jackson.databind.ObjectMapper.readValue(ObjectMapper.java:3205)
at com.fasterxml.jackson.databind.ObjectMapper.readValue(ObjectMapper.java:3173)
at com.qa.test.PostApiTest.postApiTest(PostApiTest.java:87)
at java.base/jdk.internal.reflect.NativeMethodAccessorImpl.invoke0(Native Method)
at java.base/jdk.internal.reflect.NativeMethodAccessorImpl.invoke(NativeMethodAccessorImpl.java:62)
at java.base/jdk.internal.reflect.DelegatingMethodAccessorImpl.invoke(DelegatingMethodAccessorImpl.java:43)
at java.base/java.lang.reflect.Method.invoke(Method.java:567)
at org.testng.internal.MethodInvocationHelper.invokeMethod(MethodInvocationHelper.java:124)
at org.testng.internal.Invoker.invokeMethod(Invoker.java:583)
at org.testng.internal.Invoker.invokeTestMethod(Invoker.java:719)
at org.testng.internal.Invoker.invokeTestMethods(Invoker.java:989)
at org.testng.internal.TestMethodWorker.invokeTestMethods(TestMethodWorker.java:125)
at org.testng.internal.TestMethodWorker.run(TestMethodWorker.java:109)
at org.testng.TestRunner.privateRun(TestRunner.java:648)
at org.testng.TestRunner.run(TestRunner.java:505)
at org.testng.SuiteRunner.runTest(SuiteRunner.java:455)
at org.testng.SuiteRunner.runSequentially(SuiteRunner.java:450)
at org.testng.SuiteRunner.privateRun(SuiteRunner.java:415)
at org.testng.SuiteRunner.run(SuiteRunner.java:364)
at org.testng.SuiteRunnerWorker.runSuite(SuiteRunnerWorker.java:52)
at org.testng.SuiteRunnerWorker.run(SuiteRunnerWorker.java:84)
at org.testng.TestNG.runSuitesSequentially(TestNG.java:1208)
at org.testng.TestNG.runSuitesLocally(TestNG.java:1137)
at org.testng.TestNG.runSuites(TestNG.java:1049)
at org.testng.TestNG.run(TestNG.java:1017)
at org.testng.remote.AbstractRemoteTestNG.run(AbstractRemoteTestNG.java:115)
at org.testng.remote.RemoteTestNG.initAndRun(RemoteTestNG.java:251)
at org.testng.remote.RemoteTestNG.main(RemoteTestNG.java:77)
]]>
            </full-stacktrace>
          </exception> <!-- com.fasterxml.jackson.databind.exc.UnrecognizedPropertyException -->
          <reporter-output>
          </reporter-output>
        </test-method> <!-- postApiTest -->
      </class> <!-- com.qa.test.PostApiTest -->
    </test> <!-- Default test -->
  </suite> <!-- Default suite -->
</testng-results>
